app/build/intermediates/manifest_merge_blame_file/debug/manifest-merger-blame-debug-report.txt
1<?xml version="1.0" encoding="utf-8"?>
2<manifest xmlns:android="http://schemas.android.com/apk/res/android"
3    package="com.example.androidattendancesystem"
4    android:versionCode="1"
5    android:versionName="1.0" >
6
7    <uses-sdk
8        android:minSdkVersion="14"
8-->src\main\AndroidManifest.xml
9        android:targetSdkVersion="26" />
9-->src\main\AndroidManifest.xml
10
11    <application
11-->src\main\AndroidManifest.xml:8:5-85:19
12        android:name="com.android.attendance.context.ApplicationContext"
12-->src\main\AndroidManifest.xml:9:10-74
13        android:allowBackup="true"
13-->src\main\AndroidManifest.xml:10:9-35
14        android:debuggable="true"
15        android:icon="@drawable/ic_launcher_foreground"
15-->src\main\AndroidManifest.xml:11:9-56
16        android:label="Student Monitoring App"
16-->src\main\AndroidManifest.xml:12:9-47
17        android:testOnly="true"
18        android:theme="@style/AppTheme" >
18-->src\main\AndroidManifest.xml:13:9-40
19        <activity
19-->src\main\AndroidManifest.xml:15:9-23:20
20            android:name="com.android.attendance.activity.SplashScreen"
20-->src\main\AndroidManifest.xml:16:13-72
21            android:label="@string/app_name" >
21-->src\main\AndroidManifest.xml:17:13-45
22            <intent-filter>
22-->src\main\AndroidManifest.xml:18:13-22:29
23                <action android:name="android.intent.action.MAIN" />
23-->src\main\AndroidManifest.xml:19:17-69
23-->src\main\AndroidManifest.xml:19:25-66
24
25                <category android:name="android.intent.category.LAUNCHER" />
25-->src\main\AndroidManifest.xml:21:17-77
25-->src\main\AndroidManifest.xml:21:27-74
26            </intent-filter>
27        </activity>
28        <activity
28-->src\main\AndroidManifest.xml:24:10-27:20
29            android:name="com.android.attendance.activity.LoginActivity"
29-->src\main\AndroidManifest.xml:25:13-73
30            android:label="@string/app_name" >
30-->src\main\AndroidManifest.xml:26:13-45
31        </activity>
32        <activity
32-->src\main\AndroidManifest.xml:28:10-31:20
33            android:name="com.android.attendance.activity.MenuActivity"
33-->src\main\AndroidManifest.xml:29:13-72
34            android:label="@string/app_name" >
34-->src\main\AndroidManifest.xml:30:13-45
35        </activity>
36        <activity
36-->src\main\AndroidManifest.xml:32:10-35:20
37            android:name="com.android.attendance.activity.AddFacultyActivity"
37-->src\main\AndroidManifest.xml:33:13-78
38            android:label="@string/app_name" >
38-->src\main\AndroidManifest.xml:34:13-45
39        </activity>
40        <activity
40-->src\main\AndroidManifest.xml:36:9-39:20
41            android:name="com.android.attendance.activity.StudentMenuActivity"
41-->src\main\AndroidManifest.xml:37:13-79
42            android:label="@string/app_name" >
42-->src\main\AndroidManifest.xml:38:13-45
43        </activity>
44        <activity
44-->src\main\AndroidManifest.xml:40:9-43:20
45            android:name="com.android.attendance.activity.AddMarksActivity"
45-->src\main\AndroidManifest.xml:41:13-76
46            android:label="@string/app_name" >
46-->src\main\AndroidManifest.xml:42:13-45
47        </activity>
48        <activity
48-->src\main\AndroidManifest.xml:44:9-47:20
49            android:name="com.android.attendance.activity.ViewMarksActivity"
49-->src\main\AndroidManifest.xml:45:13-77
50            android:label="@string/app_name" >
50-->src\main\AndroidManifest.xml:46:13-45
51        </activity>
52        <activity
52-->src\main\AndroidManifest.xml:48:9-51:20
53            android:name="com.android.attendance.activity.AddStudentActivity"
53-->src\main\AndroidManifest.xml:49:13-78
54            android:label="@string/app_name" >
54-->src\main\AndroidManifest.xml:50:13-45
55        </activity>
56        <activity
56-->src\main\AndroidManifest.xml:52:9-55:20
57            android:name="com.android.attendance.activity.ViewFacultyActivity"
57-->src\main\AndroidManifest.xml:53:13-79
58            android:label="@string/app_name" >
58-->src\main\AndroidManifest.xml:54:13-45
59        </activity>
60        <activity
60-->src\main\AndroidManifest.xml:56:9-59:20
61            android:name="com.android.attendance.activity.ViewStudentActivity"
61-->src\main\AndroidManifest.xml:57:13-79
62            android:label="@string/app_name" >
62-->src\main\AndroidManifest.xml:58:13-45
63        </activity>
64        <activity
64-->src\main\AndroidManifest.xml:60:9-63:20
65            android:name="com.android.attendance.activity.TestActivity"
65-->src\main\AndroidManifest.xml:61:13-72
66            android:label="@string/app_name" >
66-->src\main\AndroidManifest.xml:62:13-45
67        </activity>
68        <activity
68-->src\main\AndroidManifest.xml:64:10-67:20
69            android:name="com.android.attendance.activity.ViewStudentByBranchYear"
69-->src\main\AndroidManifest.xml:65:13-83
70            android:label="@string/app_name" >
70-->src\main\AndroidManifest.xml:66:13-45
71        </activity>
72        <activity
72-->src\main\AndroidManifest.xml:68:11-71:20
73            android:name="com.android.attendance.activity.AddAttandanceSessionActivity"
73-->src\main\AndroidManifest.xml:69:13-88
74            android:label="@string/app_name" >
74-->src\main\AndroidManifest.xml:70:13-45
75        </activity>
76        <activity
76-->src\main\AndroidManifest.xml:72:10-75:20
77            android:name="com.android.attendance.activity.AddAttendanceActivity"
77-->src\main\AndroidManifest.xml:73:13-81
78            android:label="@string/app_name" >
78-->src\main\AndroidManifest.xml:74:13-45
79        </activity>
80        <activity
80-->src\main\AndroidManifest.xml:76:10-79:20
81            android:name="com.android.attendance.activity.ViewAttendanceByFacultyActivity"
81-->src\main\AndroidManifest.xml:77:13-91
82            android:label="@string/app_name" >
82-->src\main\AndroidManifest.xml:78:13-45
83        </activity>
84        <activity
84-->src\main\AndroidManifest.xml:80:10-83:20
85            android:name="com.android.attendance.activity.ViewAttendancePerStudentActivity"
85-->src\main\AndroidManifest.xml:81:13-92
86            android:label="@string/app_name" >
86-->src\main\AndroidManifest.xml:82:13-45
87        </activity>
88
89        <meta-data
89-->[com.android.support:support-v4:26.1.0] AndroidManifest.xml:26:9-28:38
90            android:name="android.support.VERSION"
90-->[com.android.support:support-v4:26.1.0] AndroidManifest.xml:27:13-51
91            android:value="26.1.0" />
91-->[com.android.support:support-v4:26.1.0] AndroidManifest.xml:28:13-35
92        <meta-data
92-->[android.arch.lifecycle:runtime:1.0.0] AndroidManifest.xml:25:9-27:47
93            android:name="android.arch.lifecycle.VERSION"
93-->[android.arch.lifecycle:runtime:1.0.0] AndroidManifest.xml:26:13-58
94            android:value="27.0.0-SNAPSHOT" />
94-->[android.arch.lifecycle:runtime:1.0.0] AndroidManifest.xml:27:13-44
95    </application>
96
97</manifest>